2017-03-31 17:02:05 [INFO] [controller.py(64): _run_and_collect] PID-62216 [Task: 1-helloworld] engine.run_testing() is starting...
2017-03-31 17:02:05 [INFO] [engine.py(111): run_testing] PID-62216 cmd: call java -classpath "E:\PycharmProjects\py_project_xh\PTA-v2\pta\grinder-3.11\lib\*" net.grinder.Grinder E:\PycharmProjects\py_project_xh\PTA-v2\pta\grinder.properties
2017-03-31 17:07:10 [INFO] [controller.py(66): _run_and_collect] PID-62216 [Task: 1-helloworld] engine.run_testing() is finished.
2017-03-31 17:07:10 [INFO] [controller.py(68): _run_and_collect] PID-62216 [Task: 1-helloworld] collect_testing_result is starting...
2017-03-31 17:07:11 [INFO] [controller.py(70): _run_and_collect] PID-62216 [Task: 1-helloworld] collect_testing_result is finished...
2017-03-31 17:07:13 [INFO] [controller.py(64): _run_and_collect] PID-62216 [Task: 2-call_java_method] engine.run_testing() is starting...
2017-03-31 17:07:13 [INFO] [engine.py(111): run_testing] PID-62216 cmd: call java -classpath "E:\PycharmProjects\py_project_xh\PTA-v2\pta\grinder-3.11\lib\*" net.grinder.Grinder E:\PycharmProjects\py_project_xh\PTA-v2\pta\grinder.properties
2017-03-31 17:12:18 [INFO] [controller.py(66): _run_and_collect] PID-62216 [Task: 2-call_java_method] engine.run_testing() is finished.
2017-03-31 17:12:18 [INFO] [controller.py(68): _run_and_collect] PID-62216 [Task: 2-call_java_method] collect_testing_result is starting...
2017-03-31 17:12:18 [INFO] [controller.py(70): _run_and_collect] PID-62216 [Task: 2-call_java_method] collect_testing_result is finished...
2017-03-31 17:12:19 [INFO] [controller.py(64): _run_and_collect] PID-62216 [Task: 3-http_local] engine.run_testing() is starting...
2017-03-31 17:12:19 [INFO] [engine.py(111): run_testing] PID-62216 cmd: call java -classpath "E:\PycharmProjects\py_project_xh\PTA-v2\pta\grinder-3.11\lib\*" net.grinder.Grinder E:\PycharmProjects\py_project_xh\PTA-v2\pta\grinder.properties
2017-03-31 17:17:26 [INFO] [controller.py(66): _run_and_collect] PID-62216 [Task: 3-http_local] engine.run_testing() is finished.
2017-03-31 17:17:26 [INFO] [controller.py(68): _run_and_collect] PID-62216 [Task: 3-http_local] collect_testing_result is starting...
2017-03-31 17:17:26 [INFO] [controller.py(70): _run_and_collect] PID-62216 [Task: 3-http_local] collect_testing_result is finished...
2017-03-31 17:17:27 [INFO] [controller.py(223): send_mail_report] PID-62216 Sending email to ['hzcaojianglong@corp.netease.com']
2017-03-31 17:21:01 [INFO] [controller.py(64): _run_and_collect] PID-63612 [Task: 1-helloworld] engine.run_testing() is starting...
2017-03-31 17:21:01 [INFO] [engine.py(111): run_testing] PID-63612 cmd: call java -classpath "E:\PycharmProjects\py_project_xh\PTA-v2\pta\grinder-3.11\lib\*" net.grinder.Grinder E:\PycharmProjects\py_project_xh\PTA-v2\pta\grinder.properties
2017-03-31 17:26:06 [INFO] [controller.py(66): _run_and_collect] PID-63612 [Task: 1-helloworld] engine.run_testing() is finished.
2017-03-31 17:26:06 [INFO] [controller.py(68): _run_and_collect] PID-63612 [Task: 1-helloworld] collect_testing_result is starting...
2017-03-31 17:26:07 [INFO] [controller.py(70): _run_and_collect] PID-63612 [Task: 1-helloworld] collect_testing_result is finished...
2017-03-31 17:26:08 [INFO] [controller.py(64): _run_and_collect] PID-63612 [Task: 2-call_java_method] engine.run_testing() is starting...
2017-03-31 17:26:09 [INFO] [engine.py(111): run_testing] PID-63612 cmd: call java -classpath "E:\PycharmProjects\py_project_xh\PTA-v2\pta\grinder-3.11\lib\*" net.grinder.Grinder E:\PycharmProjects\py_project_xh\PTA-v2\pta\grinder.properties
2017-03-31 17:31:14 [INFO] [controller.py(66): _run_and_collect] PID-63612 [Task: 2-call_java_method] engine.run_testing() is finished.
2017-03-31 17:31:14 [INFO] [controller.py(68): _run_and_collect] PID-63612 [Task: 2-call_java_method] collect_testing_result is starting...
2017-03-31 17:31:14 [INFO] [controller.py(70): _run_and_collect] PID-63612 [Task: 2-call_java_method] collect_testing_result is finished...
2017-03-31 17:31:16 [INFO] [controller.py(64): _run_and_collect] PID-63612 [Task: 3-http_local] engine.run_testing() is starting...
2017-03-31 17:31:16 [INFO] [engine.py(111): run_testing] PID-63612 cmd: call java -classpath "E:\PycharmProjects\py_project_xh\PTA-v2\pta\grinder-3.11\lib\*" net.grinder.Grinder E:\PycharmProjects\py_project_xh\PTA-v2\pta\grinder.properties
2017-03-31 17:36:20 [INFO] [controller.py(66): _run_and_collect] PID-63612 [Task: 3-http_local] engine.run_testing() is finished.
2017-03-31 17:36:20 [INFO] [controller.py(68): _run_and_collect] PID-63612 [Task: 3-http_local] collect_testing_result is starting...
2017-03-31 17:36:21 [INFO] [controller.py(70): _run_and_collect] PID-63612 [Task: 3-http_local] collect_testing_result is finished...
2017-03-31 17:36:22 [INFO] [controller.py(223): send_mail_report] PID-63612 Sending email to ['hzcaojianglong@corp.netease.com']
2017-03-31 17:38:15 [INFO] [controller.py(64): _run_and_collect] PID-65756 [Task: 1-helloworld] engine.run_testing() is starting...
2017-03-31 17:38:15 [INFO] [engine.py(111): run_testing] PID-65756 cmd: call java -classpath "E:\PycharmProjects\py_project_xh\PTA-v2\pta\grinder-3.11\lib\*" net.grinder.Grinder E:\PycharmProjects\py_project_xh\PTA-v2\pta\grinder.properties
2017-03-31 17:43:20 [INFO] [controller.py(66): _run_and_collect] PID-65756 [Task: 1-helloworld] engine.run_testing() is finished.
2017-03-31 17:43:20 [INFO] [controller.py(68): _run_and_collect] PID-65756 [Task: 1-helloworld] collect_testing_result is starting...
2017-03-31 17:43:21 [INFO] [controller.py(70): _run_and_collect] PID-65756 [Task: 1-helloworld] collect_testing_result is finished...
2017-03-31 17:43:22 [INFO] [controller.py(64): _run_and_collect] PID-65756 [Task: 2-call_java_method] engine.run_testing() is starting...
2017-03-31 17:43:23 [INFO] [engine.py(111): run_testing] PID-65756 cmd: call java -classpath "E:\PycharmProjects\py_project_xh\PTA-v2\pta\grinder-3.11\lib\*" net.grinder.Grinder E:\PycharmProjects\py_project_xh\PTA-v2\pta\grinder.properties
2017-03-31 17:48:28 [INFO] [controller.py(66): _run_and_collect] PID-65756 [Task: 2-call_java_method] engine.run_testing() is finished.
2017-03-31 17:48:28 [INFO] [controller.py(68): _run_and_collect] PID-65756 [Task: 2-call_java_method] collect_testing_result is starting...
2017-03-31 17:48:28 [INFO] [controller.py(70): _run_and_collect] PID-65756 [Task: 2-call_java_method] collect_testing_result is finished...
2017-03-31 17:48:29 [INFO] [controller.py(64): _run_and_collect] PID-65756 [Task: 3-http_local] engine.run_testing() is starting...
2017-03-31 17:48:29 [INFO] [engine.py(111): run_testing] PID-65756 cmd: call java -classpath "E:\PycharmProjects\py_project_xh\PTA-v2\pta\grinder-3.11\lib\*" net.grinder.Grinder E:\PycharmProjects\py_project_xh\PTA-v2\pta\grinder.properties
2017-03-31 17:53:34 [INFO] [controller.py(66): _run_and_collect] PID-65756 [Task: 3-http_local] engine.run_testing() is finished.
2017-03-31 17:53:34 [INFO] [controller.py(68): _run_and_collect] PID-65756 [Task: 3-http_local] collect_testing_result is starting...
2017-03-31 17:53:36 [INFO] [controller.py(70): _run_and_collect] PID-65756 [Task: 3-http_local] collect_testing_result is finished...
2017-03-31 17:53:38 [INFO] [controller.py(223): send_mail_report] PID-65756 Sending email to ['hzcaojianglong@corp.netease.com']
